<?xml version="1.0" encoding="UTF-8"?>
<robot generator="Robot 6.0.2 (Python 3.9.13 on win32)" generated="20230206 11:58:53.156" rpa="false" schemaversion="3">
<suite id="s1" name="Valid Register Suite" source="C:\Users\40032482\Caption Project\Caption_project_1\register_suite\valid_register_suite.robot">
<test id="s1-t1" name="TC1" line="14">
<kw name="Launch Browser and Navigate to Url" library="common_functionalities" type="SETUP">
<kw name="Open Browser" library="SeleniumLibrary">
<arg>browser=${BROWSER_NAME}</arg>
<doc>Opens a new browser instance to the optional ``url``.</doc>
<msg timestamp="20230206 11:58:54.811" level="INFO">Opening browser 'chrome' to base url 'None'.</msg>
<status status="PASS" starttime="20230206 11:58:54.781" endtime="20230206 11:58:56.773"/>
</kw>
<kw name="Maximize Browser Window" library="SeleniumLibrary">
<doc>Maximizes current browser window.</doc>
<status status="PASS" starttime="20230206 11:58:56.774" endtime="20230206 11:58:56.916"/>
</kw>
<kw name="Set Selenium Implicit Wait" library="SeleniumLibrary">
<arg>20s</arg>
<doc>Sets the implicit wait value used by Selenium.</doc>
<status status="PASS" starttime="20230206 11:58:56.917" endtime="20230206 11:58:56.925"/>
</kw>
<kw name="Go To" library="SeleniumLibrary">
<arg>url=${URL}</arg>
<doc>Navigates the current browser window to the provided ``url``.</doc>
<msg timestamp="20230206 11:58:56.926" level="INFO">Opening url 'https://www.kohls.com/'</msg>
<status status="PASS" starttime="20230206 11:58:56.926" endtime="20230206 11:59:23.939"/>
</kw>
<status status="PASS" starttime="20230206 11:58:54.781" endtime="20230206 11:59:23.942"/>
</kw>
<kw name="Valid Register Template">
<arg>ayushpratap149@gmail.com</arg>
<arg>Gujjar@77</arg>
<arg>Apply Coupons &amp; Kohl's Cash</arg>
<kw name="Click Element" library="SeleniumLibrary">
<arg>xpath=//a[@class='utility-item-link account utility-nav-wallet-svg']</arg>
<doc>Click the element identified by ``locator``.</doc>
<msg timestamp="20230206 11:59:23.946" level="INFO">Clicking element 'xpath=//a[@class='utility-item-link account utility-nav-wallet-svg']'.</msg>
<status status="PASS" starttime="20230206 11:59:23.943" endtime="20230206 11:59:37.192"/>
</kw>
<kw name="Click Element" library="SeleniumLibrary">
<arg>xpath=//div[@class='account-signin']</arg>
<doc>Click the element identified by ``locator``.</doc>
<msg timestamp="20230206 11:59:37.195" level="INFO">Clicking element 'xpath=//div[@class='account-signin']'.</msg>
<msg timestamp="20230206 11:59:57.236" level="WARN">Keyword 'Capture Page Screenshot' could not be run on failure: Message: no such window: target window already closed
from unknown error: web view not found
  (Session info: chrome=109.0.5414.120)
Stacktrace:
Backtrace:
	(No symbol) [0x00666643]
	(No symbol) [0x005FBE21]
	(No symbol) [0x004FDA9D]
	(No symbol) [0x004DEF6A]
	(No symbol) [0x00553AAB]
	(No symbol) [0x005661B6]
	(No symbol) [0x0054FB76]
	(No symbol) [0x005249C1]
	(No symbol) [0x00525E5D]
	GetHandleVerifier [0x008DA142+2497106]
	GetHandleVerifier [0x009085D3+2686691]
	GetHandleVerifier [0x0090BB9C+2700460]
	GetHandleVerifier [0x00713B10+635936]
	(No symbol) [0x00604A1F]
	(No symbol) [0x0060A418]
	(No symbol) [0x0060A505]
	(No symbol) [0x0061508B]
	BaseThreadInitThunk [0x771000F9+25]
	RtlGetAppContainerNamedObjectPath [0x77EB7BBE+286]
	RtlGetAppContainerNamedObjectPath [0x77EB7B8E+238]
</msg>
<msg timestamp="20230206 11:59:57.244" level="FAIL">Element with locator 'xpath=//div[@class='account-signin']' not found.</msg>
<status status="FAIL" starttime="20230206 11:59:37.193" endtime="20230206 11:59:57.254"/>
</kw>
<kw name="Input Text" library="SeleniumLibrary">
<arg>name=loginEmail</arg>
<arg>${username}</arg>
<doc>Types the given ``text`` into the text field identified by ``locator``.</doc>
<status status="NOT RUN" starttime="20230206 11:59:57.255" endtime="20230206 11:59:57.257"/>
</kw>
<kw name="Input Text" library="SeleniumLibrary">
<arg>name=loginPassword</arg>
<arg>${password}</arg>
<doc>Types the given ``text`` into the text field identified by ``locator``.</doc>
<status status="NOT RUN" starttime="20230206 11:59:57.259" endtime="20230206 11:59:57.260"/>
</kw>
<kw name="Click Element" library="SeleniumLibrary">
<arg>name=Profilelogin</arg>
<doc>Click the element identified by ``locator``.</doc>
<status status="NOT RUN" starttime="20230206 11:59:57.261" endtime="20230206 11:59:57.261"/>
</kw>
<kw name="Click Element" library="SeleniumLibrary">
<arg>xpath=//span[@class='middle-menu-title']</arg>
<doc>Click the element identified by ``locator``.</doc>
<status status="NOT RUN" starttime="20230206 11:59:57.262" endtime="20230206 11:59:57.262"/>
</kw>
<kw name="Mouse Over" library="SeleniumLibrary">
<arg>link=Men</arg>
<doc>Simulates hovering the mouse over the element ``locator``.</doc>
<status status="NOT RUN" starttime="20230206 11:59:57.263" endtime="20230206 11:59:57.264"/>
</kw>
<kw name="Click Element" library="SeleniumLibrary">
<arg>link=Men's Dress Clothing</arg>
<doc>Click the element identified by ``locator``.</doc>
<status status="NOT RUN" starttime="20230206 11:59:57.264" endtime="20230206 11:59:57.265"/>
</kw>
<kw name="Click Element" library="SeleniumLibrary">
<arg>xpath=//div[@class='dy-lb-close']</arg>
<doc>Click the element identified by ``locator``.</doc>
<status status="NOT RUN" starttime="20230206 11:59:57.266" endtime="20230206 11:59:57.267"/>
</kw>
<kw name="Click Element" library="SeleniumLibrary">
<arg>xpath=//p[text()='Suits &amp; Suit Separates']</arg>
<doc>Click the element identified by ``locator``.</doc>
<status status="NOT RUN" starttime="20230206 11:59:57.269" endtime="20230206 11:59:57.269"/>
</kw>
<kw name="Scroll Element Into View" library="SeleniumLibrary">
<arg>xpath=//img[@class='pmp-hero-img']</arg>
<doc>Scrolls the element identified by ``locator`` into view.</doc>
<status status="NOT RUN" starttime="20230206 11:59:57.269" endtime="20230206 11:59:57.269"/>
</kw>
<kw name="Click Element" library="SeleniumLibrary">
<arg>xpath=//img[@class='pmp-hero-img']</arg>
<doc>Click the element identified by ``locator``.</doc>
<status status="NOT RUN" starttime="20230206 11:59:57.272" endtime="20230206 11:59:57.272"/>
</kw>
<kw name="Click Element" library="SeleniumLibrary">
<arg>xpath=//a[contains(normalize-space(),'38 SHORT')]</arg>
<doc>Click the element identified by ``locator``.</doc>
<status status="NOT RUN" starttime="20230206 11:59:57.273" endtime="20230206 11:59:57.274"/>
</kw>
<kw name="Click Element" library="SeleniumLibrary">
<arg>xpath=//a[contains(normalize-space(),'42 SHORT')]</arg>
<doc>Click the element identified by ``locator``.</doc>
<status status="NOT RUN" starttime="20230206 11:59:57.275" endtime="20230206 11:59:57.275"/>
</kw>
<kw name="Click Element" library="SeleniumLibrary">
<arg>name=pdp-addtobag</arg>
<doc>Click the element identified by ``locator``.</doc>
<status status="NOT RUN" starttime="20230206 11:59:57.276" endtime="20230206 11:59:57.276"/>
</kw>
<kw name="Click Element" library="SeleniumLibrary">
<arg>xpath=//button[@class='btn btn-primary']</arg>
<doc>Click the element identified by ``locator``.</doc>
<status status="NOT RUN" starttime="20230206 11:59:57.279" endtime="20230206 11:59:57.280"/>
</kw>
<kw name="Element Should Contain" library="SeleniumLibrary">
<arg>xpath=//span[contains(text(),'Apply Coupons')]</arg>
<arg>${expected_result}</arg>
<doc>Verifies that element ``locator`` contains text ``expected``.</doc>
<status status="NOT RUN" starttime="20230206 11:59:57.281" endtime="20230206 11:59:57.282"/>
</kw>
<status status="FAIL" starttime="20230206 11:59:23.943" endtime="20230206 11:59:57.284"/>
</kw>
<kw name="Close Browser" library="SeleniumLibrary" type="TEARDOWN">
<doc>Closes the current browser.</doc>
<status status="PASS" starttime="20230206 11:59:57.292" endtime="20230206 11:59:59.649"/>
</kw>
<status status="FAIL" starttime="20230206 11:58:54.781" endtime="20230206 11:59:59.649">Element with locator 'xpath=//div[@class='account-signin']' not found.</status>
</test>
<doc>This file contains test cases related to valid login</doc>
<status status="FAIL" starttime="20230206 11:58:53.161" endtime="20230206 11:59:59.654"/>
</suite>
<statistics>
<total>
<stat pass="0" fail="1" skip="0">All Tests</stat>
</total>
<tag>
</tag>
<suite>
<stat pass="0" fail="1" skip="0" id="s1" name="Valid Register Suite">Valid Register Suite</stat>
</suite>
</statistics>
<errors>
<msg timestamp="20230206 11:59:57.236" level="WARN">Keyword 'Capture Page Screenshot' could not be run on failure: Message: no such window: target window already closed
from unknown error: web view not found
  (Session info: chrome=109.0.5414.120)
Stacktrace:
Backtrace:
	(No symbol) [0x00666643]
	(No symbol) [0x005FBE21]
	(No symbol) [0x004FDA9D]
	(No symbol) [0x004DEF6A]
	(No symbol) [0x00553AAB]
	(No symbol) [0x005661B6]
	(No symbol) [0x0054FB76]
	(No symbol) [0x005249C1]
	(No symbol) [0x00525E5D]
	GetHandleVerifier [0x008DA142+2497106]
	GetHandleVerifier [0x009085D3+2686691]
	GetHandleVerifier [0x0090BB9C+2700460]
	GetHandleVerifier [0x00713B10+635936]
	(No symbol) [0x00604A1F]
	(No symbol) [0x0060A418]
	(No symbol) [0x0060A505]
	(No symbol) [0x0061508B]
	BaseThreadInitThunk [0x771000F9+25]
	RtlGetAppContainerNamedObjectPath [0x77EB7BBE+286]
	RtlGetAppContainerNamedObjectPath [0x77EB7B8E+238]
</msg>
</errors>
</robot>
